<?xml version="1.0" encoding="UTF-8"?>
<testsuite xmlns:xsi="http://www.w3.org/2001/XMLSchema-instance" xsi:noNamespaceSchemaLocation="https://maven.apache.org/surefire/maven-surefire-plugin/xsd/surefire-test-report-3.0.xsd" version="3.0" name="classiDMN.GiocatoreTest" time="0.328" tests="3" errors="0" skipped="0" failures="0">
  <properties>
[...]
</properties>
  <testcase name="scegliCartaExceptionIndexOutOfBoundsExceptionTest" classname="classiDMN.GiocatoreTest" time="0.0"/>
  <testcase name="giocataCorrettaTest" classname="classiDMN.GiocatoreTest" time="0.171">
    <system-out><![CDATA[GiocatoreTest digita un numero tra 1 e 3 per scegliere la carta dalla mano
[Carta [valore=A, seme=Cuori], Carta [valore=3, seme=Cuori], Carta [valore=K, seme=Cuori]]
]]></system-out>
  </testcase>
  <testcase name="aggiungiCartaManoTest" classname="classiDMN.GiocatoreTest" time="0.0"/>
</testsuite>